[0.011s] Invoking command in '/home/farelfebryan/workspace/build/tugas3': CMAKE_PREFIX_PATH=${CMAKE_PREFIX_PATH}:/opt/ros/humble /usr/bin/cmake --build /home/farelfebryan/workspace/build/tugas3 -- -j8 -l8
[0.058s] [ 50%] [32mBuilding CXX object CMakeFiles/turtle_draw.dir/src/turtle_draw.cpp.o[0m
[2.497s] [01m[K/home/farelfebryan/workspace/src/tugas3/src/turtle_draw.cpp:[m[K In member function â€˜[01m[Kvoid VerticalLinear::Car()[m[Kâ€™:
[2.497s] [01m[K/home/farelfebryan/workspace/src/tugas3/src/turtle_draw.cpp:118:9:[m[K [01;31m[Kerror: [m[Kâ€˜[01m[Kteleport[m[Kâ€™ was not declared in this scope
[2.497s]   118 |         [01;31m[Kteleport[m[K(8.0, 6.0, 0.0);
[2.497s]       |         [01;31m[K^~~~~~~~[m[K
[3.652s] gmake[2]: *** [CMakeFiles/turtle_draw.dir/build.make:76: CMakeFiles/turtle_draw.dir/src/turtle_draw.cpp.o] Error 1
[3.652s] gmake[1]: *** [CMakeFiles/Makefile2:137: CMakeFiles/turtle_draw.dir/all] Error 2
[3.653s] gmake: *** [Makefile:146: all] Error 2
[3.655s] Invoked command in '/home/farelfebryan/workspace/build/tugas3' returned '2': CMAKE_PREFIX_PATH=${CMAKE_PREFIX_PATH}:/opt/ros/humble /usr/bin/cmake --build /home/farelfebryan/workspace/build/tugas3 -- -j8 -l8
