[0.011s] Invoking command in '/home/farelfebryan/workspace/build/tugas3': CMAKE_PREFIX_PATH=${CMAKE_PREFIX_PATH}:/opt/ros/humble /usr/bin/cmake --build /home/farelfebryan/workspace/build/tugas3 -- -j8 -l8
[0.036s] -- Found ament_cmake: 1.3.10 (/opt/ros/humble/share/ament_cmake/cmake)
[0.171s] -- Found rclcpp: 16.0.10 (/opt/ros/humble/share/rclcpp/cmake)
[0.209s] -- Found rosidl_generator_c: 3.1.5 (/opt/ros/humble/share/rosidl_generator_c/cmake)
[0.213s] -- Found rosidl_adapter: 3.1.5 (/opt/ros/humble/share/rosidl_adapter/cmake)
[0.223s] -- Found rosidl_generator_cpp: 3.1.5 (/opt/ros/humble/share/rosidl_generator_cpp/cmake)
[0.235s] -- Using all available rosidl_typesupport_c: rosidl_typesupport_fastrtps_c;rosidl_typesupport_introspection_c
[0.251s] -- Using all available rosidl_typesupport_cpp: rosidl_typesupport_fastrtps_cpp;rosidl_typesupport_introspection_cpp
[0.295s] -- Found rmw_implementation_cmake: 6.1.2 (/opt/ros/humble/share/rmw_implementation_cmake/cmake)
[0.297s] -- Found rmw_fastrtps_cpp: 6.2.7 (/opt/ros/humble/share/rmw_fastrtps_cpp/cmake)
[0.395s] -- Using RMW implementation 'rmw_fastrtps_cpp' as default
[0.460s] -- Found geometry_msgs: 4.2.4 (/opt/ros/humble/share/geometry_msgs/cmake)
[0.477s] -- Found turtlesim: 1.4.2 (/opt/ros/humble/share/turtlesim/cmake)
[0.534s] -- Found ament_lint_auto: 0.12.11 (/opt/ros/humble/share/ament_lint_auto/cmake)
[0.606s] -- Added test 'cppcheck' to perform static code analysis on C / C++ code
[0.607s] -- Configured cppcheck include dirs: 
[0.607s] -- Configured cppcheck exclude dirs and/or files: 
[0.607s] -- Added test 'lint_cmake' to check CMake code style
[0.608s] -- Added test 'uncrustify' to check C / C++ code style
[0.608s] -- Configured uncrustify additional arguments: 
[0.608s] -- Added test 'xmllint' to check XML markup files
[0.610s] -- Configuring done
[0.620s] -- Generating done
[0.622s] -- Build files have been written to: /home/farelfebryan/workspace/build/tugas3
[0.645s] [35m[1mConsolidate compiler generated dependencies of target turtle_draw[0m
[0.660s] [ 50%] [32mBuilding CXX object CMakeFiles/turtle_draw.dir/src/turtle_draw.cpp.o[0m
[3.149s] [01m[K/home/farelfebryan/workspace/src/tugas3/src/turtle_draw.cpp:[m[K In constructor â€˜[01m[KVerticalLinear::VerticalLinear()[m[Kâ€™:
[3.149s] [01m[K/home/farelfebryan/workspace/src/tugas3/src/turtle_draw.cpp:18:19:[m[K [01;31m[Kerror: [m[Kâ€˜[01m[Kths[m[Kâ€™ was not declared in this scope; did you mean â€˜[01m[Kthis[m[Kâ€™?
[3.149s]    18 |     spawnTurtle = [01;31m[Kths[m[K->create_client<turtlesim::srv::Spawn>("/spawn");
[3.149s]       |                   [01;31m[K^~~[m[K
[3.149s]       |                   [32m[Kthis[m[K
[3.149s] [01m[K/home/farelfebryan/workspace/src/tugas3/src/turtle_draw.cpp:18:59:[m[K [01;31m[Kerror: [m[Kexpected primary-expression before â€˜[01m[K>[m[Kâ€™ token
[3.149s]    18 |     spawnTurtle = ths->create_client<turtlesim::srv::Spawn[01;31m[K>[m[K("/spawn");
[3.149s]       |                                                           [01;31m[K^[m[K
[3.151s] [01m[K/home/farelfebryan/workspace/src/tugas3/src/turtle_draw.cpp:[m[K In member function â€˜[01m[Kvoid VerticalLinear::kill_turtle(const string&)[m[Kâ€™:
[3.151s] [01m[K/home/farelfebryan/workspace/src/tugas3/src/turtle_draw.cpp:47:63:[m[K [01;31m[Kerror: [m[Kâ€˜[01m[KRequets[m[Kâ€™ is not a member of â€˜[01m[Kturtlesim::srv::Kill[m[Kâ€™
[3.152s]    47 |         auto request = std::make_shared<turtlesim::srv::Kill::[01;31m[KRequets[m[K>();
[3.152s]       |                                                               [01;31m[K^~~~~~~[m[K
[3.152s] [01m[K/home/farelfebryan/workspace/src/tugas3/src/turtle_draw.cpp:47:71:[m[K [01;31m[Kerror: [m[Kno matching function for call to â€˜[01m[Kmake_shared<<expression error> >()[m[Kâ€™
[3.152s]    47 |         auto request = [01;31m[Kstd::make_shared<turtlesim::srv::Kill::Requets>()[m[K;
[3.152s]       |                        [01;31m[K~~~~~~~~~~~~~~~~~~~~~~~~~~~~~~~~~~~~~~~~~~~~~~~^~[m[K
[3.152s] In file included from [01m[K/usr/include/c++/11/memory:77[m[K,
[3.152s]                  from [01m[K/opt/ros/humble/include/rclcpp/rclcpp/rclcpp.hpp:153[m[K,
[3.152s]                  from [01m[K/home/farelfebryan/workspace/src/tugas3/src/turtle_draw.cpp:1[m[K:
[3.152s] [01m[K/usr/include/c++/11/bits/shared_ptr.h:875:5:[m[K [01;36m[Knote: [m[Kcandidate: â€˜[01m[Ktemplate<class _Tp, class ... _Args> std::shared_ptr<_Tp> std::make_shared(_Args&& ...)[m[Kâ€™
[3.152s]   875 |     [01;36m[Kmake_shared[m[K(_Args&&... __args)
[3.152s]       |     [01;36m[K^~~~~~~~~~~[m[K
[3.152s] [01m[K/usr/include/c++/11/bits/shared_ptr.h:875:5:[m[K [01;36m[Knote: [m[K  template argument deduction/substitution failed:
[3.152s] [01m[K/home/farelfebryan/workspace/src/tugas3/src/turtle_draw.cpp:47:71:[m[K [01;31m[Kerror: [m[Ktemplate argument 1 is invalid
[3.152s]    47 |         auto request = [01;31m[Kstd::make_shared<turtlesim::srv::Kill::Requets>()[m[K;
[3.152s]       |                        [01;31m[K~~~~~~~~~~~~~~~~~~~~~~~~~~~~~~~~~~~~~~~~~~~~~~~^~[m[K
[3.159s] [01m[K/home/farelfebryan/workspace/src/tugas3/src/turtle_draw.cpp:50:23:[m[K [01;31m[Kerror: [m[Kâ€˜[01m[Kkill_client_[m[Kâ€™ was not declared in this scope; did you mean â€˜[01m[Krcl_client_t[m[Kâ€™?
[3.159s]    50 |         auto future = [01;31m[Kkill_client_[m[K->async_send_request(request);
[3.159s]       |                       [01;31m[K^~~~~~~~~~~~[m[K
[3.159s]       |                       [32m[Krcl_client_t[m[K
[3.167s] [01m[K/home/farelfebryan/workspace/src/tugas3/src/turtle_draw.cpp:[m[K In member function â€˜[01m[Kvoid VerticalLinear::spawn_turtle(float, float, float, const string&)[m[Kâ€™:
[3.168s] [01m[K/home/farelfebryan/workspace/src/tugas3/src/turtle_draw.cpp:70:23:[m[K [01;31m[Kerror: [m[Kâ€˜[01m[Kspawn_client_[m[Kâ€™ was not declared in this scope
[3.168s]    70 |         auto future = [01;31m[Kspawn_client_[m[K->async_send_request(request);
[3.168s]       |                       [01;31m[K^~~~~~~~~~~~~[m[K
[3.168s] [01m[K/home/farelfebryan/workspace/src/tugas3/src/turtle_draw.cpp:[m[K In member function â€˜[01m[Kvoid VerticalLinear::Car()[m[Kâ€™:
[3.169s] [01m[K/home/farelfebryan/workspace/src/tugas3/src/turtle_draw.cpp:108:32:[m[K [01;31m[Kerror: [m[Kcannot convert â€˜[01m[Kconst char [8][m[Kâ€™ to â€˜[01m[Kfloat[m[Kâ€™
[3.169s]   108 |         spawn_turtle(4.5, 5.5, [01;31m[K"turtle2"[m[K);
[3.169s]       |                                [01;31m[K^~~~~~~~~[m[K
[3.169s]       |                                [01;31m[K|[m[K
[3.169s]       |                                [01;31m[Kconst char [8][m[K
[3.169s] [01m[K/home/farelfebryan/workspace/src/tugas3/src/turtle_draw.cpp:62:47:[m[K [01;36m[Knote: [m[K  initializing argument 3 of â€˜[01m[Kvoid VerticalLinear::spawn_turtle(float, float, float, const string&)[m[Kâ€™
[3.169s]    62 |     void spawn_turtle(float x, float y, [01;36m[Kfloat theta[m[K, const std::string &name = "")
[3.169s]       |                                         [01;36m[K~~~~~~^~~~~[m[K
[4.164s] gmake[2]: *** [CMakeFiles/turtle_draw.dir/build.make:76: CMakeFiles/turtle_draw.dir/src/turtle_draw.cpp.o] Error 1
[4.164s] gmake[1]: *** [CMakeFiles/Makefile2:137: CMakeFiles/turtle_draw.dir/all] Error 2
[4.164s] gmake: *** [Makefile:146: all] Error 2
[4.166s] Invoked command in '/home/farelfebryan/workspace/build/tugas3' returned '2': CMAKE_PREFIX_PATH=${CMAKE_PREFIX_PATH}:/opt/ros/humble /usr/bin/cmake --build /home/farelfebryan/workspace/build/tugas3 -- -j8 -l8
