[0.010s] Invoking command in '/home/farelfebryan/workspace/build/tugas3': CMAKE_PREFIX_PATH=${CMAKE_PREFIX_PATH}:/opt/ros/humble /usr/bin/cmake --build /home/farelfebryan/workspace/build/tugas3 -- -j8 -l8
[0.047s] [35m[1mConsolidate compiler generated dependencies of target turtle_draw[0m
[0.063s] [ 50%] [32mBuilding CXX object CMakeFiles/turtle_draw.dir/src/turtle_draw.cpp.o[0m
[2.437s] [01m[K/home/farelfebryan/workspace/src/tugas3/src/turtle_draw.cpp:131:36:[m[K [01;31m[Kerror: [m[Kâ€˜[01m[KSetPen[m[Kâ€™ is not a member of â€˜[01m[Kturtlesim::srv[m[Kâ€™
[2.437s]   131 |     rclcpp::Client<turtlesim::srv::[01;31m[KSetPen[m[K>::SharedPtr setPen;
[2.437s]       |                                    [01;31m[K^~~~~~[m[K
[2.437s] [01m[K/home/farelfebryan/workspace/src/tugas3/src/turtle_draw.cpp:131:42:[m[K [01;31m[Kerror: [m[Ktemplate argument 1 is invalid
[2.437s]   131 |     rclcpp::Client<turtlesim::srv::SetPen[01;31m[K>[m[K::SharedPtr setPen;
[2.437s]       |                                          [01;31m[K^[m[K
[2.438s] [01m[K/home/farelfebryan/workspace/src/tugas3/src/turtle_draw.cpp:131:45:[m[K [01;31m[Kerror: [m[Kexpected â€˜[01m[K;[m[Kâ€™ at end of member declaration
[2.438s]   131 |     rclcpp::Client<turtlesim::srv::SetPen>::[01;31m[KSharedPtr[m[K setPen;
[2.438s]       |                                             [01;31m[K^~~~~~~~~[m[K
[2.438s]       |                                                      [32m[K;[m[K
[2.438s] [01m[K/home/farelfebryan/workspace/src/tugas3/src/turtle_draw.cpp:131:55:[m[K [01;31m[Kerror: [m[Kâ€˜[01m[KsetPen[m[Kâ€™ does not name a type
[2.439s]   131 |     rclcpp::Client<turtlesim::srv::SetPen>::SharedPtr [01;31m[KsetPen[m[K;
[2.439s]       |                                                       [01;31m[K^~~~~~[m[K
[2.448s] [01m[K/home/farelfebryan/workspace/src/tugas3/src/turtle_draw.cpp:[m[K In constructor â€˜[01m[KVerticalLinear::VerticalLinear()[m[Kâ€™:
[2.449s] [01m[K/home/farelfebryan/workspace/src/tugas3/src/turtle_draw.cpp:16:5:[m[K [01;31m[Kerror: [m[Kâ€˜[01m[KkillTurtle[m[Kâ€™ was not declared in this scope
[2.449s]    16 |     [01;31m[KkillTurtle[m[K = this->create_client<turtlesim::srv::Kill>("/kill");
[2.449s]       |     [01;31m[K^~~~~~~~~~[m[K
[2.449s] [01m[K/home/farelfebryan/workspace/src/tugas3/src/turtle_draw.cpp:16:54:[m[K [01;31m[Kerror: [m[Kâ€˜[01m[KKill[m[Kâ€™ is not a member of â€˜[01m[Kturtlesim::srv[m[Kâ€™
[2.449s]    16 |     killTurtle = this->create_client<turtlesim::srv::[01;31m[KKill[m[K>("/kill");
[2.449s]       |                                                      [01;31m[K^~~~[m[K
[2.449s] [01m[K/home/farelfebryan/workspace/src/tugas3/src/turtle_draw.cpp:16:59:[m[K [01;31m[Kerror: [m[Kno matching function for call to â€˜[01m[KVerticalLinear::create_client<<expression error> >(const char [6])[m[Kâ€™
[2.449s]    16 |     killTurtle = [01;31m[Kthis->create_client<turtlesim::srv::Kill>("/kill")[m[K;
[2.449s]       |                  [01;31m[K~~~~~~~~~~~~~~~~~~~~~~~~~~~~~~~~~~~~~~~~~^~~~~~~~~[m[K
[2.450s] In file included from [01m[K/opt/ros/humble/include/rclcpp/rclcpp/executors/single_threaded_executor.hpp:28[m[K,
[2.450s]                  from [01m[K/opt/ros/humble/include/rclcpp/rclcpp/executors.hpp:22[m[K,
[2.450s]                  from [01m[K/opt/ros/humble/include/rclcpp/rclcpp/rclcpp.hpp:155[m[K,
[2.450s]                  from [01m[K/home/farelfebryan/workspace/src/tugas3/src/turtle_draw.cpp:1[m[K:
[2.450s] [01m[K/opt/ros/humble/include/rclcpp/rclcpp/node.hpp:252:3:[m[K [01;36m[Knote: [m[Kcandidate: â€˜[01m[Ktemplate<class ServiceT> typename rclcpp::Client<ServiceT>::SharedPtr rclcpp::Node::create_client(const string&, const rmw_qos_profile_t&, rclcpp::CallbackGroup::SharedPtr)[m[Kâ€™
[2.450s]   252 |   [01;36m[Kcreate_client[m[K(
[2.450s]       |   [01;36m[K^~~~~~~~~~~~~[m[K
[2.450s] [01m[K/opt/ros/humble/include/rclcpp/rclcpp/node.hpp:252:3:[m[K [01;36m[Knote: [m[K  template argument deduction/substitution failed:
[2.450s] [01m[K/home/farelfebryan/workspace/src/tugas3/src/turtle_draw.cpp:16:59:[m[K [01;31m[Kerror: [m[Ktemplate argument 1 is invalid
[2.450s]    16 |     killTurtle = [01;31m[Kthis->create_client<turtlesim::srv::Kill>("/kill")[m[K;
[2.450s]       |                  [01;31m[K~~~~~~~~~~~~~~~~~~~~~~~~~~~~~~~~~~~~~~~~~^~~~~~~~~[m[K
[2.456s] [01m[K/home/farelfebryan/workspace/src/tugas3/src/turtle_draw.cpp:17:5:[m[K [01;31m[Kerror: [m[Kâ€˜[01m[KspawnTurtle[m[Kâ€™ was not declared in this scope
[2.456s]    17 |     [01;31m[KspawnTurtle[m[K = this->create_client<turtlesim::srv::Spawn>("/spawn");
[2.456s]       |     [01;31m[K^~~~~~~~~~~[m[K
[2.457s] [01m[K/home/farelfebryan/workspace/src/tugas3/src/turtle_draw.cpp:17:55:[m[K [01;31m[Kerror: [m[Kâ€˜[01m[KSpawn[m[Kâ€™ is not a member of â€˜[01m[Kturtlesim::srv[m[Kâ€™
[2.457s]    17 |     spawnTurtle = this->create_client<turtlesim::srv::[01;31m[KSpawn[m[K>("/spawn");
[2.457s]       |                                                       [01;31m[K^~~~~[m[K
[2.457s] [01m[K/home/farelfebryan/workspace/src/tugas3/src/turtle_draw.cpp:17:61:[m[K [01;31m[Kerror: [m[Kno matching function for call to â€˜[01m[KVerticalLinear::create_client<<expression error> >(const char [7])[m[Kâ€™
[2.457s]    17 |     spawnTurtle = [01;31m[Kthis->create_client<turtlesim::srv::Spawn>("/spawn")[m[K;
[2.457s]       |                   [01;31m[K~~~~~~~~~~~~~~~~~~~~~~~~~~~~~~~~~~~~~~~~~~^~~~~~~~~~[m[K
[2.457s] In file included from [01m[K/opt/ros/humble/include/rclcpp/rclcpp/executors/single_threaded_executor.hpp:28[m[K,
[2.457s]                  from [01m[K/opt/ros/humble/include/rclcpp/rclcpp/executors.hpp:22[m[K,
[2.457s]                  from [01m[K/opt/ros/humble/include/rclcpp/rclcpp/rclcpp.hpp:155[m[K,
[2.457s]                  from [01m[K/home/farelfebryan/workspace/src/tugas3/src/turtle_draw.cpp:1[m[K:
[2.457s] [01m[K/opt/ros/humble/include/rclcpp/rclcpp/node.hpp:252:3:[m[K [01;36m[Knote: [m[Kcandidate: â€˜[01m[Ktemplate<class ServiceT> typename rclcpp::Client<ServiceT>::SharedPtr rclcpp::Node::create_client(const string&, const rmw_qos_profile_t&, rclcpp::CallbackGroup::SharedPtr)[m[Kâ€™
[2.457s]   252 |   [01;36m[Kcreate_client[m[K(
[2.457s]       |   [01;36m[K^~~~~~~~~~~~~[m[K
[2.457s] [01m[K/opt/ros/humble/include/rclcpp/rclcpp/node.hpp:252:3:[m[K [01;36m[Knote: [m[K  template argument deduction/substitution failed:
[2.457s] [01m[K/home/farelfebryan/workspace/src/tugas3/src/turtle_draw.cpp:17:61:[m[K [01;31m[Kerror: [m[Ktemplate argument 1 is invalid
[2.457s]    17 |     spawnTurtle = [01;31m[Kthis->create_client<turtlesim::srv::Spawn>("/spawn")[m[K;
[2.458s]       |                   [01;31m[K~~~~~~~~~~~~~~~~~~~~~~~~~~~~~~~~~~~~~~~~~~^~~~~~~~~~[m[K
[2.463s] [01m[K/home/farelfebryan/workspace/src/tugas3/src/turtle_draw.cpp:[m[K In member function â€˜[01m[Kvoid VerticalLinear::setpen(int, int, int, int, bool)[m[Kâ€™:
[2.463s] [01m[K/home/farelfebryan/workspace/src/tugas3/src/turtle_draw.cpp:66:57:[m[K [01;31m[Kerror: [m[Kâ€˜[01m[KSetPen[m[Kâ€™ is not a member of â€˜[01m[Kturtlesim::srv[m[Kâ€™
[2.463s]    66 |         auto request = std::make_shared<turtlesim::srv::[01;31m[KSetPen[m[K::Request>();
[2.463s]       |                                                         [01;31m[K^~~~~~[m[K
[2.463s] [01m[K/home/farelfebryan/workspace/src/tugas3/src/turtle_draw.cpp:66:29:[m[K [01;31m[Kerror: [m[Kparse error in template argument list
[2.463s]    66 |         auto request = std::[01;31m[Kmake_shared<turtlesim::srv::SetPen::Request>[m[K();
[2.463s]       |                             [01;31m[K^~~~~~~~~~~~~~~~~~~~~~~~~~~~~~~~~~~~~~~~~~~~[m[K
[2.463s] [01m[K/home/farelfebryan/workspace/src/tugas3/src/turtle_draw.cpp:66:73:[m[K [01;31m[Kerror: [m[Kno matching function for call to â€˜[01m[Kmake_shared<<expression error> >()[m[Kâ€™
[2.464s]    66 |         auto request = [01;31m[Kstd::make_shared<turtlesim::srv::SetPen::Request>()[m[K;
[2.464s]       |                        [01;31m[K~~~~~~~~~~~~~~~~~~~~~~~~~~~~~~~~~~~~~~~~~~~~~~~~~^~[m[K
[2.464s] In file included from [01m[K/usr/include/c++/11/memory:77[m[K,
[2.464s]                  from [01m[K/opt/ros/humble/include/rclcpp/rclcpp/rclcpp.hpp:153[m[K,
[2.464s]                  from [01m[K/home/farelfebryan/workspace/src/tugas3/src/turtle_draw.cpp:1[m[K:
[2.464s] [01m[K/usr/include/c++/11/bits/shared_ptr.h:875:5:[m[K [01;36m[Knote: [m[Kcandidate: â€˜[01m[Ktemplate<class _Tp, class ... _Args> std::shared_ptr<_Tp> std::make_shared(_Args&& ...)[m[Kâ€™
[2.464s]   875 |     [01;36m[Kmake_shared[m[K(_Args&&... __args)
[2.464s]       |     [01;36m[K^~~~~~~~~~~[m[K
[2.464s] [01m[K/usr/include/c++/11/bits/shared_ptr.h:875:5:[m[K [01;36m[Knote: [m[K  template argument deduction/substitution failed:
[2.464s] [01m[K/home/farelfebryan/workspace/src/tugas3/src/turtle_draw.cpp:66:73:[m[K [01;31m[Kerror: [m[Ktemplate argument 1 is invalid
[2.465s]    66 |         auto request = [01;31m[Kstd::make_shared<turtlesim::srv::SetPen::Request>()[m[K;
[2.465s]       |                        [01;31m[K~~~~~~~~~~~~~~~~~~~~~~~~~~~~~~~~~~~~~~~~~~~~~~~~~^~[m[K
[2.468s] [01m[K/home/farelfebryan/workspace/src/tugas3/src/turtle_draw.cpp:73:23:[m[K [01;31m[Kerror: [m[Kâ€˜[01m[KsetPen[m[Kâ€™ was not declared in this scope; did you mean â€˜[01m[Ksetpen[m[Kâ€™?
[2.468s]    73 |         auto future = [01;31m[KsetPen[m[K-> async_send_request(request);
[2.468s]       |                       [01;31m[K^~~~~~[m[K
[2.468s]       |                       [32m[Ksetpen[m[K
[3.426s] gmake[2]: *** [CMakeFiles/turtle_draw.dir/build.make:76: CMakeFiles/turtle_draw.dir/src/turtle_draw.cpp.o] Error 1
[3.426s] gmake[1]: *** [CMakeFiles/Makefile2:137: CMakeFiles/turtle_draw.dir/all] Error 2
[3.426s] gmake: *** [Makefile:146: all] Error 2
[3.428s] Invoked command in '/home/farelfebryan/workspace/build/tugas3' returned '2': CMAKE_PREFIX_PATH=${CMAKE_PREFIX_PATH}:/opt/ros/humble /usr/bin/cmake --build /home/farelfebryan/workspace/build/tugas3 -- -j8 -l8
