[35m[1mConsolidate compiler generated dependencies of target turtle_draw[0m
[ 50%] [32mBuilding CXX object CMakeFiles/turtle_draw.dir/src/turtle_draw.cpp.o[0m
[01m[K/home/farelfebryan/workspace/src/tugas3/src/turtle_draw.cpp:132:36:[m[K [01;31m[Kerror: [m[Kâ€˜[01m[KSetPen[m[Kâ€™ is not a member of â€˜[01m[Kturtlesim::srv[m[Kâ€™
  132 |     rclcpp::Client<turtlesim::srv::[01;31m[KSetPen[m[K>::SharedPtr setPen;
      |                                    [01;31m[K^~~~~~[m[K
[01m[K/home/farelfebryan/workspace/src/tugas3/src/turtle_draw.cpp:132:42:[m[K [01;31m[Kerror: [m[Ktemplate argument 1 is invalid
  132 |     rclcpp::Client<turtlesim::srv::SetPen[01;31m[K>[m[K::SharedPtr setPen;
      |                                          [01;31m[K^[m[K
[01m[K/home/farelfebryan/workspace/src/tugas3/src/turtle_draw.cpp:132:45:[m[K [01;31m[Kerror: [m[Kexpected â€˜[01m[K;[m[Kâ€™ at end of member declaration
  132 |     rclcpp::Client<turtlesim::srv::SetPen>::[01;31m[KSharedPtr[m[K setPen;
      |                                             [01;31m[K^~~~~~~~~[m[K
      |                                                      [32m[K;[m[K
[01m[K/home/farelfebryan/workspace/src/tugas3/src/turtle_draw.cpp:132:55:[m[K [01;31m[Kerror: [m[Kâ€˜[01m[KsetPen[m[Kâ€™ does not name a type
  132 |     rclcpp::Client<turtlesim::srv::SetPen>::SharedPtr [01;31m[KsetPen[m[K;
      |                                                       [01;31m[K^~~~~~[m[K
[01m[K/home/farelfebryan/workspace/src/tugas3/src/turtle_draw.cpp:[m[K In constructor â€˜[01m[KVerticalLinear::VerticalLinear()[m[Kâ€™:
[01m[K/home/farelfebryan/workspace/src/tugas3/src/turtle_draw.cpp:16:5:[m[K [01;31m[Kerror: [m[Kâ€˜[01m[KkillTurtle[m[Kâ€™ was not declared in this scope
   16 |     [01;31m[KkillTurtle[m[K = this->create_client<turtlesim::srv::Kill>("/kill");
      |     [01;31m[K^~~~~~~~~~[m[K
[01m[K/home/farelfebryan/workspace/src/tugas3/src/turtle_draw.cpp:16:54:[m[K [01;31m[Kerror: [m[Kâ€˜[01m[KKill[m[Kâ€™ is not a member of â€˜[01m[Kturtlesim::srv[m[Kâ€™
   16 |     killTurtle = this->create_client<turtlesim::srv::[01;31m[KKill[m[K>("/kill");
      |                                                      [01;31m[K^~~~[m[K
[01m[K/home/farelfebryan/workspace/src/tugas3/src/turtle_draw.cpp:16:59:[m[K [01;31m[Kerror: [m[Kno matching function for call to â€˜[01m[KVerticalLinear::create_client<<expression error> >(const char [6])[m[Kâ€™
   16 |     killTurtle = [01;31m[Kthis->create_client<turtlesim::srv::Kill>("/kill")[m[K;
      |                  [01;31m[K~~~~~~~~~~~~~~~~~~~~~~~~~~~~~~~~~~~~~~~~~^~~~~~~~~[m[K
In file included from [01m[K/opt/ros/humble/include/rclcpp/rclcpp/executors/single_threaded_executor.hpp:28[m[K,
                 from [01m[K/opt/ros/humble/include/rclcpp/rclcpp/executors.hpp:22[m[K,
                 from [01m[K/opt/ros/humble/include/rclcpp/rclcpp/rclcpp.hpp:155[m[K,
                 from [01m[K/home/farelfebryan/workspace/src/tugas3/src/turtle_draw.cpp:1[m[K:
[01m[K/opt/ros/humble/include/rclcpp/rclcpp/node.hpp:252:3:[m[K [01;36m[Knote: [m[Kcandidate: â€˜[01m[Ktemplate<class ServiceT> typename rclcpp::Client<ServiceT>::SharedPtr rclcpp::Node::create_client(const string&, const rmw_qos_profile_t&, rclcpp::CallbackGroup::SharedPtr)[m[Kâ€™
  252 |   [01;36m[Kcreate_client[m[K(
      |   [01;36m[K^~~~~~~~~~~~~[m[K
[01m[K/opt/ros/humble/include/rclcpp/rclcpp/node.hpp:252:3:[m[K [01;36m[Knote: [m[K  template argument deduction/substitution failed:
[01m[K/home/farelfebryan/workspace/src/tugas3/src/turtle_draw.cpp:16:59:[m[K [01;31m[Kerror: [m[Ktemplate argument 1 is invalid
   16 |     killTurtle = [01;31m[Kthis->create_client<turtlesim::srv::Kill>("/kill")[m[K;
      |                  [01;31m[K~~~~~~~~~~~~~~~~~~~~~~~~~~~~~~~~~~~~~~~~~^~~~~~~~~[m[K
[01m[K/home/farelfebryan/workspace/src/tugas3/src/turtle_draw.cpp:17:5:[m[K [01;31m[Kerror: [m[Kâ€˜[01m[KspawnTurtle[m[Kâ€™ was not declared in this scope
   17 |     [01;31m[KspawnTurtle[m[K = this->create_client<turtlesim::srv::Spawn>("/spawn");
      |     [01;31m[K^~~~~~~~~~~[m[K
[01m[K/home/farelfebryan/workspace/src/tugas3/src/turtle_draw.cpp:17:55:[m[K [01;31m[Kerror: [m[Kâ€˜[01m[KSpawn[m[Kâ€™ is not a member of â€˜[01m[Kturtlesim::srv[m[Kâ€™
   17 |     spawnTurtle = this->create_client<turtlesim::srv::[01;31m[KSpawn[m[K>("/spawn");
      |                                                       [01;31m[K^~~~~[m[K
[01m[K/home/farelfebryan/workspace/src/tugas3/src/turtle_draw.cpp:17:61:[m[K [01;31m[Kerror: [m[Kno matching function for call to â€˜[01m[KVerticalLinear::create_client<<expression error> >(const char [7])[m[Kâ€™
   17 |     spawnTurtle = [01;31m[Kthis->create_client<turtlesim::srv::Spawn>("/spawn")[m[K;
      |                   [01;31m[K~~~~~~~~~~~~~~~~~~~~~~~~~~~~~~~~~~~~~~~~~~^~~~~~~~~~[m[K
In file included from [01m[K/opt/ros/humble/include/rclcpp/rclcpp/executors/single_threaded_executor.hpp:28[m[K,
                 from [01m[K/opt/ros/humble/include/rclcpp/rclcpp/executors.hpp:22[m[K,
                 from [01m[K/opt/ros/humble/include/rclcpp/rclcpp/rclcpp.hpp:155[m[K,
                 from [01m[K/home/farelfebryan/workspace/src/tugas3/src/turtle_draw.cpp:1[m[K:
[01m[K/opt/ros/humble/include/rclcpp/rclcpp/node.hpp:252:3:[m[K [01;36m[Knote: [m[Kcandidate: â€˜[01m[Ktemplate<class ServiceT> typename rclcpp::Client<ServiceT>::SharedPtr rclcpp::Node::create_client(const string&, const rmw_qos_profile_t&, rclcpp::CallbackGroup::SharedPtr)[m[Kâ€™
  252 |   [01;36m[Kcreate_client[m[K(
      |   [01;36m[K^~~~~~~~~~~~~[m[K
[01m[K/opt/ros/humble/include/rclcpp/rclcpp/node.hpp:252:3:[m[K [01;36m[Knote: [m[K  template argument deduction/substitution failed:
[01m[K/home/farelfebryan/workspace/src/tugas3/src/turtle_draw.cpp:17:61:[m[K [01;31m[Kerror: [m[Ktemplate argument 1 is invalid
   17 |     spawnTurtle = [01;31m[Kthis->create_client<turtlesim::srv::Spawn>("/spawn")[m[K;
      |                   [01;31m[K~~~~~~~~~~~~~~~~~~~~~~~~~~~~~~~~~~~~~~~~~~^~~~~~~~~~[m[K
[01m[K/home/farelfebryan/workspace/src/tugas3/src/turtle_draw.cpp:[m[K In member function â€˜[01m[Kvoid VerticalLinear::setpen(int, int, int, int, bool)[m[Kâ€™:
[01m[K/home/farelfebryan/workspace/src/tugas3/src/turtle_draw.cpp:66:57:[m[K [01;31m[Kerror: [m[Kâ€˜[01m[KSetPen[m[Kâ€™ is not a member of â€˜[01m[Kturtlesim::srv[m[Kâ€™
   66 |         auto request = std::make_shared<turtlesim::srv::[01;31m[KSetPen[m[K::Request>();
      |                                                         [01;31m[K^~~~~~[m[K
[01m[K/home/farelfebryan/workspace/src/tugas3/src/turtle_draw.cpp:66:29:[m[K [01;31m[Kerror: [m[Kparse error in template argument list
   66 |         auto request = std::[01;31m[Kmake_shared<turtlesim::srv::SetPen::Request>[m[K();
      |                             [01;31m[K^~~~~~~~~~~~~~~~~~~~~~~~~~~~~~~~~~~~~~~~~~~~[m[K
[01m[K/home/farelfebryan/workspace/src/tugas3/src/turtle_draw.cpp:66:73:[m[K [01;31m[Kerror: [m[Kno matching function for call to â€˜[01m[Kmake_shared<<expression error> >()[m[Kâ€™
   66 |         auto request = [01;31m[Kstd::make_shared<turtlesim::srv::SetPen::Request>()[m[K;
      |                        [01;31m[K~~~~~~~~~~~~~~~~~~~~~~~~~~~~~~~~~~~~~~~~~~~~~~~~~^~[m[K
In file included from [01m[K/usr/include/c++/11/memory:77[m[K,
                 from [01m[K/opt/ros/humble/include/rclcpp/rclcpp/rclcpp.hpp:153[m[K,
                 from [01m[K/home/farelfebryan/workspace/src/tugas3/src/turtle_draw.cpp:1[m[K:
[01m[K/usr/include/c++/11/bits/shared_ptr.h:875:5:[m[K [01;36m[Knote: [m[Kcandidate: â€˜[01m[Ktemplate<class _Tp, class ... _Args> std::shared_ptr<_Tp> std::make_shared(_Args&& ...)[m[Kâ€™
  875 |     [01;36m[Kmake_shared[m[K(_Args&&... __args)
      |     [01;36m[K^~~~~~~~~~~[m[K
[01m[K/usr/include/c++/11/bits/shared_ptr.h:875:5:[m[K [01;36m[Knote: [m[K  template argument deduction/substitution failed:
[01m[K/home/farelfebryan/workspace/src/tugas3/src/turtle_draw.cpp:66:73:[m[K [01;31m[Kerror: [m[Ktemplate argument 1 is invalid
   66 |         auto request = [01;31m[Kstd::make_shared<turtlesim::srv::SetPen::Request>()[m[K;
      |                        [01;31m[K~~~~~~~~~~~~~~~~~~~~~~~~~~~~~~~~~~~~~~~~~~~~~~~~~^~[m[K
[01m[K/home/farelfebryan/workspace/src/tugas3/src/turtle_draw.cpp:73:23:[m[K [01;31m[Kerror: [m[Kâ€˜[01m[KsetPen[m[Kâ€™ was not declared in this scope; did you mean â€˜[01m[Ksetpen[m[Kâ€™?
   73 |         auto future = [01;31m[KsetPen[m[K-> async_send_request(request);
      |                       [01;31m[K^~~~~~[m[K
      |                       [32m[Ksetpen[m[K
[01m[K/home/farelfebryan/workspace/src/tugas3/src/turtle_draw.cpp:[m[K In member function â€˜[01m[Kvoid VerticalLinear::Car()[m[Kâ€™:
[01m[K/home/farelfebryan/workspace/src/tugas3/src/turtle_draw.cpp:101:15:[m[K [01;31m[Kerror: [m[Kno matching function for call to â€˜[01m[KVerticalLinear::setpen(int, int, int)[m[Kâ€™
  101 |         [01;31m[Ksetpen(69,84,253)[m[K;
      |         [01;31m[K~~~~~~^~~~~~~~~~~[m[K
[01m[K/home/farelfebryan/workspace/src/tugas3/src/turtle_draw.cpp:65:10:[m[K [01;36m[Knote: [m[Kcandidate: â€˜[01m[Kvoid VerticalLinear::setpen(int, int, int, int, bool)[m[Kâ€™
   65 |     void [01;36m[Ksetpen[m[K(int r, int g, int b, int width, bool off) {
      |          [01;36m[K^~~~~~[m[K
[01m[K/home/farelfebryan/workspace/src/tugas3/src/turtle_draw.cpp:65:10:[m[K [01;36m[Knote: [m[K  candidate expects 5 arguments, 3 provided
[01m[K/home/farelfebryan/workspace/src/tugas3/src/turtle_draw.cpp:103:16:[m[K [01;31m[Kerror: [m[Kâ€˜[01m[Kr[m[Kâ€™ was not declared in this scope
  103 |         setpen([01;31m[Kr[m[K,g,b);
      |                [01;31m[K^[m[K
[01m[K/home/farelfebryan/workspace/src/tugas3/src/turtle_draw.cpp:103:18:[m[K [01;31m[Kerror: [m[Kâ€˜[01m[Kg[m[Kâ€™ was not declared in this scope
  103 |         setpen(r,[01;31m[Kg[m[K,b);
      |                  [01;31m[K^[m[K
[01m[K/home/farelfebryan/workspace/src/tugas3/src/turtle_draw.cpp:103:20:[m[K [01;31m[Kerror: [m[Kâ€˜[01m[Kb[m[Kâ€™ was not declared in this scope
  103 |         setpen(r,g,[01;31m[Kb[m[K);
      |                    [01;31m[K^[m[K
[01m[K/home/farelfebryan/workspace/src/tugas3/src/turtle_draw.cpp:108:15:[m[K [01;31m[Kerror: [m[Kno matching function for call to â€˜[01m[KVerticalLinear::setpen(int, int, int)[m[Kâ€™
  108 |         [01;31m[Ksetpen(69,84,253)[m[K;
      |         [01;31m[K~~~~~~^~~~~~~~~~~[m[K
[01m[K/home/farelfebryan/workspace/src/tugas3/src/turtle_draw.cpp:65:10:[m[K [01;36m[Knote: [m[Kcandidate: â€˜[01m[Kvoid VerticalLinear::setpen(int, int, int, int, bool)[m[Kâ€™
   65 |     void [01;36m[Ksetpen[m[K(int r, int g, int b, int width, bool off) {
      |          [01;36m[K^~~~~~[m[K
[01m[K/home/farelfebryan/workspace/src/tugas3/src/turtle_draw.cpp:65:10:[m[K [01;36m[Knote: [m[K  candidate expects 5 arguments, 3 provided
[01m[K/home/farelfebryan/workspace/src/tugas3/src/turtle_draw.cpp:117:15:[m[K [01;31m[Kerror: [m[Kno matching function for call to â€˜[01m[KVerticalLinear::setpen(int, int, int)[m[Kâ€™
  117 |         [01;31m[Ksetpen(69,84,253)[m[K;
      |         [01;31m[K~~~~~~^~~~~~~~~~~[m[K
[01m[K/home/farelfebryan/workspace/src/tugas3/src/turtle_draw.cpp:65:10:[m[K [01;36m[Knote: [m[Kcandidate: â€˜[01m[Kvoid VerticalLinear::setpen(int, int, int, int, bool)[m[Kâ€™
   65 |     void [01;36m[Ksetpen[m[K(int r, int g, int b, int width, bool off) {
      |          [01;36m[K^~~~~~[m[K
[01m[K/home/farelfebryan/workspace/src/tugas3/src/turtle_draw.cpp:65:10:[m[K [01;36m[Knote: [m[K  candidate expects 5 arguments, 3 provided
[01m[K/home/farelfebryan/workspace/src/tugas3/src/turtle_draw.cpp:125:9:[m[K [01;31m[Kerror: [m[Kâ€˜[01m[Kkill_turtle[m[Kâ€™ was not declared in this scope
  125 |         [01;31m[Kkill_turtle[m[K("turtle4");
      |         [01;31m[K^~~~~~~~~~~[m[K
gmake[2]: *** [CMakeFiles/turtle_draw.dir/build.make:76: CMakeFiles/turtle_draw.dir/src/turtle_draw.cpp.o] Error 1
gmake[1]: *** [CMakeFiles/Makefile2:137: CMakeFiles/turtle_draw.dir/all] Error 2
gmake: *** [Makefile:146: all] Error 2
