[35m[1mConsolidate compiler generated dependencies of target turtle_draw[0m
[ 50%] [32mBuilding CXX object CMakeFiles/turtle_draw.dir/src/turtle_draw.cpp.o[0m
[01m[K/home/farelfebryan/workspace/src/tugas3/src/turtle_draw.cpp:[m[K In member function â€˜[01m[Kvoid VerticalLinear::moveTurtle(double, double, double, double)[m[Kâ€™:
[01m[K/home/farelfebryan/workspace/src/tugas3/src/turtle_draw.cpp:24:9:[m[K [01;31m[Kerror: [m[Kexpected â€˜[01m[K;[m[Kâ€™ before â€˜[01m[KturtlePublisher[m[Kâ€™
   24 |         [01;31m[KturtlePublisher[m[K -> publish(message);
      |         [01;31m[K^~~~~~~~~~~~~~~[m[K
[01m[K/home/farelfebryan/workspace/src/tugas3/src/turtle_draw.cpp:[m[K In member function â€˜[01m[Kvoid VerticalLinear::rotate(double, double)[m[Kâ€™:
[01m[K/home/farelfebryan/workspace/src/tugas3/src/turtle_draw.cpp:35:9:[m[K [01;31m[Kerror: [m[Kexpected â€˜[01m[K;[m[Kâ€™ before â€˜[01m[KturtlePublisher[m[Kâ€™
   35 |         [01;31m[KturtlePublisher[m[K -> publish(message);
      |         [01;31m[K^~~~~~~~~~~~~~~[m[K
gmake[2]: *** [CMakeFiles/turtle_draw.dir/build.make:76: CMakeFiles/turtle_draw.dir/src/turtle_draw.cpp.o] Error 1
gmake[1]: *** [CMakeFiles/Makefile2:137: CMakeFiles/turtle_draw.dir/all] Error 2
gmake: *** [Makefile:146: all] Error 2
