[35m[1mConsolidate compiler generated dependencies of target turtle_draw[0m
[ 50%] [32mBuilding CXX object CMakeFiles/turtle_draw.dir/src/turtle_draw.cpp.o[0m
[01m[K/home/farelfebryan/workspace/src/tugas3/src/turtle_draw.cpp:62:91:[m[K [01;31m[Kerror: [m[Kdefault argument missing for parameter 5 of â€˜[01m[Kvoid VerticalLinear::spawn_turtle(float, float, float, const string&, double)[m[Kâ€™
   62 | le(float x, float y, float theta, const std::string &name = "", [01;31m[Kdouble durasi[m[K)
      |                                                                 [01;31m[K~~~~~~~^~~~~~[m[K

[01m[K/home/farelfebryan/workspace/src/tugas3/src/turtle_draw.cpp:62:73:[m[K [01;36m[Knote: [m[K...following parameter 4 which has a default argument
   62 | oid spawn_turtle(float x, float y, float theta, [01;36m[Kconst std::string &name = ""[m[K, double durasi)
      |                                                 [01;36m[K~~~~~~~~~~~~~~~~~~~^~~~~~~~~[m[K

gmake[2]: *** [CMakeFiles/turtle_draw.dir/build.make:76: CMakeFiles/turtle_draw.dir/src/turtle_draw.cpp.o] Error 1
gmake[1]: *** [CMakeFiles/Makefile2:137: CMakeFiles/turtle_draw.dir/all] Error 2
gmake: *** [Makefile:146: all] Error 2
