[ 50%] [32mBuilding CXX object CMakeFiles/turtle_draw.dir/src/turtle_draw.cpp.o[0m
[01m[K/home/farelfebryan/workspace/src/tugas3/src/turtle_draw.cpp:[m[K In member function â€˜[01m[Kvoid VerticalLinear::killAndSpawnTurtle(const string&, float, float, float, const string&)[m[Kâ€™:
[01m[K/home/farelfebryan/workspace/src/tugas3/src/turtle_draw.cpp:43:9:[m[K [01;31m[Kerror: [m[Kâ€˜[01m[Kkill_turtle[m[Kâ€™ was not declared in this scope; did you mean â€˜[01m[KkillTurtle[m[Kâ€™?
   43 |         [01;31m[Kkill_turtle[m[K(killName);
      |         [01;31m[K^~~~~~~~~~~[m[K
      |         [32m[KkillTurtle[m[K
[01m[K/home/farelfebryan/workspace/src/tugas3/src/turtle_draw.cpp:44:9:[m[K [01;31m[Kerror: [m[Kâ€˜[01m[Kspawn_turtle[m[Kâ€™ was not declared in this scope; did you mean â€˜[01m[KspawnTurtle[m[Kâ€™?
   44 |         [01;31m[Kspawn_turtle[m[K(x, y, theta, spawnName);
      |         [01;31m[K^~~~~~~~~~~~[m[K
      |         [32m[KspawnTurtle[m[K
[01m[K/home/farelfebryan/workspace/src/tugas3/src/turtle_draw.cpp:[m[K In member function â€˜[01m[Kvoid VerticalLinear::Car()[m[Kâ€™:
[01m[K/home/farelfebryan/workspace/src/tugas3/src/turtle_draw.cpp:88:13:[m[K [01;31m[Kerror: [m[Kâ€˜[01m[Kspawn_turtle[m[Kâ€™ was not declared in this scope; did you mean â€˜[01m[KspawnTurtle[m[Kâ€™?
   88 |             [01;31m[Kspawn_turtle[m[K(8.0, 6.0 - (i - 5) * 0.2, 0.0, "turtle" + std::to_string(i));
      |             [01;31m[K^~~~~~~~~~~~[m[K
      |             [32m[KspawnTurtle[m[K
[01m[K/home/farelfebryan/workspace/src/tugas3/src/turtle_draw.cpp:92:13:[m[K [01;31m[Kerror: [m[Kâ€˜[01m[Kkill_turtle[m[Kâ€™ was not declared in this scope; did you mean â€˜[01m[KkillTurtle[m[Kâ€™?
   92 |             [01;31m[Kkill_turtle[m[K("turtle" + std::to_string(i));
      |             [01;31m[K^~~~~~~~~~~[m[K
      |             [32m[KkillTurtle[m[K
gmake[2]: *** [CMakeFiles/turtle_draw.dir/build.make:76: CMakeFiles/turtle_draw.dir/src/turtle_draw.cpp.o] Error 1
gmake[1]: *** [CMakeFiles/Makefile2:137: CMakeFiles/turtle_draw.dir/all] Error 2
gmake: *** [Makefile:146: all] Error 2
