[0.010s] Invoking command in '/home/farelfebryan/workspace/build/tugas3': CMAKE_PREFIX_PATH=${CMAKE_PREFIX_PATH}:/opt/ros/humble /usr/bin/cmake --build /home/farelfebryan/workspace/build/tugas3 -- -j8 -l8
[0.046s] [35m[1mConsolidate compiler generated dependencies of target turtle_draw[0m
[0.062s] [ 50%] [32mBuilding CXX object CMakeFiles/turtle_draw.dir/src/turtle_draw.cpp.o[0m
[2.413s] [01m[K/home/farelfebryan/workspace/src/tugas3/src/turtle_draw.cpp:[m[K In constructor â€˜[01m[KVerticalLinear::VerticalLinear()[m[Kâ€™:
[2.413s] [01m[K/home/farelfebryan/workspace/src/tugas3/src/turtle_draw.cpp:17:5:[m[K [01;31m[Kerror: [m[Kâ€˜[01m[KkillTurtle[m[Kâ€™ was not declared in this scope
[2.413s]    17 |     [01;31m[KkillTurtle[m[K = this->create_client<turtlesim::srv::Kill>("/kill");
[2.413s]       |     [01;31m[K^~~~~~~~~~[m[K
[2.419s] [01m[K/home/farelfebryan/workspace/src/tugas3/src/turtle_draw.cpp:17:38:[m[K [01;31m[Kerror: [m[Kâ€˜[01m[Kturtlesim[m[Kâ€™ was not declared in this scope
[2.419s]    17 |     killTurtle = this->create_client<[01;31m[Kturtlesim[m[K::srv::Kill>("/kill");
[2.419s]       |                                      [01;31m[K^~~~~~~~~[m[K
[2.419s] [01m[K/home/farelfebryan/workspace/src/tugas3/src/turtle_draw.cpp:17:24:[m[K [01;31m[Kerror: [m[Kparse error in template argument list
[2.419s]    17 |     killTurtle = this->[01;31m[Kcreate_client<turtlesim::srv::Kill>[m[K("/kill");
[2.419s]       |                        [01;31m[K^~~~~~~~~~~~~~~~~~~~~~~~~~~~~~~~~~~[m[K
[2.420s] [01m[K/home/farelfebryan/workspace/src/tugas3/src/turtle_draw.cpp:17:59:[m[K [01;31m[Kerror: [m[Kno matching function for call to â€˜[01m[KVerticalLinear::create_client<<expression error> >(const char [6])[m[Kâ€™
[2.420s]    17 |     killTurtle = [01;31m[Kthis->create_client<turtlesim::srv::Kill>("/kill")[m[K;
[2.420s]       |                  [01;31m[K~~~~~~~~~~~~~~~~~~~~~~~~~~~~~~~~~~~~~~~~~^~~~~~~~~[m[K
[2.420s] In file included from [01m[K/opt/ros/humble/include/rclcpp/rclcpp/executors/single_threaded_executor.hpp:28[m[K,
[2.420s]                  from [01m[K/opt/ros/humble/include/rclcpp/rclcpp/executors.hpp:22[m[K,
[2.420s]                  from [01m[K/opt/ros/humble/include/rclcpp/rclcpp/rclcpp.hpp:155[m[K,
[2.420s]                  from [01m[K/home/farelfebryan/workspace/src/tugas3/src/turtle_draw.cpp:1[m[K:
[2.420s] [01m[K/opt/ros/humble/include/rclcpp/rclcpp/node.hpp:252:3:[m[K [01;36m[Knote: [m[Kcandidate: â€˜[01m[Ktemplate<class ServiceT> typename rclcpp::Client<ServiceT>::SharedPtr rclcpp::Node::create_client(const string&, const rmw_qos_profile_t&, rclcpp::CallbackGroup::SharedPtr)[m[Kâ€™
[2.420s]   252 |   [01;36m[Kcreate_client[m[K(
[2.420s]       |   [01;36m[K^~~~~~~~~~~~~[m[K
[2.420s] [01m[K/opt/ros/humble/include/rclcpp/rclcpp/node.hpp:252:3:[m[K [01;36m[Knote: [m[K  template argument deduction/substitution failed:
[2.421s] [01m[K/home/farelfebryan/workspace/src/tugas3/src/turtle_draw.cpp:17:59:[m[K [01;31m[Kerror: [m[Ktemplate argument 1 is invalid
[2.421s]    17 |     killTurtle = [01;31m[Kthis->create_client<turtlesim::srv::Kill>("/kill")[m[K;
[2.421s]       |                  [01;31m[K~~~~~~~~~~~~~~~~~~~~~~~~~~~~~~~~~~~~~~~~~^~~~~~~~~[m[K
[2.426s] [01m[K/home/farelfebryan/workspace/src/tugas3/src/turtle_draw.cpp:18:5:[m[K [01;31m[Kerror: [m[Kâ€˜[01m[KspawnTurtle[m[Kâ€™ was not declared in this scope
[2.426s]    18 |     [01;31m[KspawnTurtle[m[K = ths->create_client<turtlesim::srv::Spawn>("/spawn");
[2.426s]       |     [01;31m[K^~~~~~~~~~~[m[K
[2.430s] [01m[K/home/farelfebryan/workspace/src/tugas3/src/turtle_draw.cpp:18:19:[m[K [01;31m[Kerror: [m[Kâ€˜[01m[Kths[m[Kâ€™ was not declared in this scope; did you mean â€˜[01m[Kthis[m[Kâ€™?
[2.430s]    18 |     spawnTurtle = [01;31m[Kths[m[K->create_client<turtlesim::srv::Spawn>("/spawn");
[2.430s]       |                   [01;31m[K^~~[m[K
[2.430s]       |                   [32m[Kthis[m[K
[2.431s] [01m[K/home/farelfebryan/workspace/src/tugas3/src/turtle_draw.cpp:18:38:[m[K [01;31m[Kerror: [m[Kâ€˜[01m[Kturtlesim[m[Kâ€™ is not a class, namespace, or enumeration
[2.431s]    18 |     spawnTurtle = ths->create_client<[01;31m[Kturtlesim[m[K::srv::Spawn>("/spawn");
[2.431s]       |                                      [01;31m[K^~~~~~~~~[m[K
[2.431s] [01m[K/home/farelfebryan/workspace/src/tugas3/src/turtle_draw.cpp:[m[K In member function â€˜[01m[Kvoid VerticalLinear::moveTurtle(double, double, double, double)[m[Kâ€™:
[2.431s] [01m[K/home/farelfebryan/workspace/src/tugas3/src/turtle_draw.cpp:28:9:[m[K [01;31m[Kerror: [m[Kexpected â€˜[01m[K;[m[Kâ€™ before â€˜[01m[KturtlePublisher[m[Kâ€™
[2.431s]    28 |         [01;31m[KturtlePublisher[m[K -> publish(message);
[2.432s]       |         [01;31m[K^~~~~~~~~~~~~~~[m[K
[3.226s] gmake[2]: *** [CMakeFiles/turtle_draw.dir/build.make:76: CMakeFiles/turtle_draw.dir/src/turtle_draw.cpp.o] Error 1
[3.226s] gmake[1]: *** [CMakeFiles/Makefile2:137: CMakeFiles/turtle_draw.dir/all] Error 2
[3.226s] gmake: *** [Makefile:146: all] Error 2
[3.229s] Invoked command in '/home/farelfebryan/workspace/build/tugas3' returned '2': CMAKE_PREFIX_PATH=${CMAKE_PREFIX_PATH}:/opt/ros/humble /usr/bin/cmake --build /home/farelfebryan/workspace/build/tugas3 -- -j8 -l8
