[0.011s] Invoking command in '/home/farelfebryan/workspace/build/tugas3': CMAKE_PREFIX_PATH=${CMAKE_PREFIX_PATH}:/opt/ros/humble /usr/bin/cmake --build /home/farelfebryan/workspace/build/tugas3 -- -j8 -l8
[0.064s] [35m[1mConsolidate compiler generated dependencies of target turtle_draw[0m
[0.090s] [ 50%] [32mBuilding CXX object CMakeFiles/turtle_draw.dir/src/turtle_draw.cpp.o[0m
[0.417s] [01m[K/home/farelfebryan/workspace/src/tugas3/src/turtle_draw.cpp:3:10:[m[K [01;31m[Kfatal error: [m[Kturtlesim/srv/kill.cpp: No such file or directory
[0.417s]     3 | #include [01;31m[K"turtlesim/srv/kill.cpp"[m[K
[0.417s]       |          [01;31m[K^~~~~~~~~~~~~~~~~~~~~~~~[m[K
[0.417s] compilation terminated.
[0.419s] gmake[2]: *** [CMakeFiles/turtle_draw.dir/build.make:76: CMakeFiles/turtle_draw.dir/src/turtle_draw.cpp.o] Error 1
[0.419s] gmake[1]: *** [CMakeFiles/Makefile2:137: CMakeFiles/turtle_draw.dir/all] Error 2
[0.420s] gmake: *** [Makefile:146: all] Error 2
[0.422s] Invoked command in '/home/farelfebryan/workspace/build/tugas3' returned '2': CMAKE_PREFIX_PATH=${CMAKE_PREFIX_PATH}:/opt/ros/humble /usr/bin/cmake --build /home/farelfebryan/workspace/build/tugas3 -- -j8 -l8
