[35m[1mConsolidate compiler generated dependencies of target turtle_draw[0m
[ 50%] [32mBuilding CXX object CMakeFiles/turtle_draw.dir/src/turtle_draw.cpp.o[0m
[01m[K/home/farelfebryan/workspace/src/tugas3/src/turtle_draw.cpp:[m[K In member function â€˜[01m[Kvoid VerticalLinear::Car()[m[Kâ€™:
[01m[K/home/farelfebryan/workspace/src/tugas3/src/turtle_draw.cpp:64:30:[m[K [01;31m[Kerror: [m[Kexpected â€˜[01m[K)[m[Kâ€™ before numeric constant
   64 |         moveTurtle(-2.0, 0.0 [01;31m[K0.0[m[K, 1.0);
      |                              [01;31m[K^~~[m[K
[01m[K/home/farelfebryan/workspace/src/tugas3/src/turtle_draw.cpp:64:19:[m[K [01;36m[Knote: [m[Kto match this â€˜[01m[K([m[Kâ€™
   64 |         moveTurtle[01;36m[K([m[K-2.0, 0.0 0.0, 1.0);
      |                   [01;36m[K^[m[K
[01m[K/home/farelfebryan/workspace/src/tugas3/src/turtle_draw.cpp:64:19:[m[K [01;31m[Kerror: [m[Kno matching function for call to â€˜[01m[KVerticalLinear::moveTurtle(double, double, double)[m[Kâ€™
   64 |         [01;31m[KmoveTurtle(-2.0, 0.0 0.0, 1.0)[m[K;
      |         [01;31m[K~~~~~~~~~~^~~~~~~~~~~~~~~~~~~~[m[K
[01m[K/home/farelfebryan/workspace/src/tugas3/src/turtle_draw.cpp:20:10:[m[K [01;36m[Knote: [m[Kcandidate: â€˜[01m[Kvoid VerticalLinear::moveTurtle(double, double, double, double)[m[Kâ€™
   20 |     void [01;36m[KmoveTurtle[m[K(double horizontal, double vertical, double degree, double durasi) {
      |          [01;36m[K^~~~~~~~~~[m[K
[01m[K/home/farelfebryan/workspace/src/tugas3/src/turtle_draw.cpp:20:10:[m[K [01;36m[Knote: [m[K  candidate expects 4 arguments, 3 provided
gmake[2]: *** [CMakeFiles/turtle_draw.dir/build.make:76: CMakeFiles/turtle_draw.dir/src/turtle_draw.cpp.o] Error 1
gmake[1]: *** [CMakeFiles/Makefile2:137: CMakeFiles/turtle_draw.dir/all] Error 2
gmake: *** [Makefile:146: all] Error 2
