[0.011s] Invoking command in '/home/farelfebryan/workspace/build/tugas3': CMAKE_PREFIX_PATH=${CMAKE_PREFIX_PATH}:/opt/ros/humble /usr/bin/cmake --build /home/farelfebryan/workspace/build/tugas3 -- -j8 -l8
[0.047s] [35m[1mConsolidate compiler generated dependencies of target turtle_draw[0m
[0.065s] [ 50%] [32mBuilding CXX object CMakeFiles/turtle_draw.dir/src/turtle_draw.cpp.o[0m
[2.531s] [01m[K/home/farelfebryan/workspace/src/tugas3/src/turtle_draw.cpp:[m[K In member function â€˜[01m[Kvoid VerticalLinear::Car()[m[Kâ€™:
[2.531s] [01m[K/home/farelfebryan/workspace/src/tugas3/src/turtle_draw.cpp:64:30:[m[K [01;31m[Kerror: [m[Kexpected â€˜[01m[K)[m[Kâ€™ before numeric constant
[2.531s]    64 |         moveTurtle(-2.0, 0.0 [01;31m[K0.0[m[K, 1.0);
[2.531s]       |                              [01;31m[K^~~[m[K
[2.531s] [01m[K/home/farelfebryan/workspace/src/tugas3/src/turtle_draw.cpp:64:19:[m[K [01;36m[Knote: [m[Kto match this â€˜[01m[K([m[Kâ€™
[2.532s]    64 |         moveTurtle[01;36m[K([m[K-2.0, 0.0 0.0, 1.0);
[2.532s]       |                   [01;36m[K^[m[K
[2.532s] [01m[K/home/farelfebryan/workspace/src/tugas3/src/turtle_draw.cpp:64:19:[m[K [01;31m[Kerror: [m[Kno matching function for call to â€˜[01m[KVerticalLinear::moveTurtle(double, double, double)[m[Kâ€™
[2.532s]    64 |         [01;31m[KmoveTurtle(-2.0, 0.0 0.0, 1.0)[m[K;
[2.532s]       |         [01;31m[K~~~~~~~~~~^~~~~~~~~~~~~~~~~~~~[m[K
[2.532s] [01m[K/home/farelfebryan/workspace/src/tugas3/src/turtle_draw.cpp:20:10:[m[K [01;36m[Knote: [m[Kcandidate: â€˜[01m[Kvoid VerticalLinear::moveTurtle(double, double, double, double)[m[Kâ€™
[2.532s]    20 |     void [01;36m[KmoveTurtle[m[K(double horizontal, double vertical, double degree, double durasi) {
[2.532s]       |          [01;36m[K^~~~~~~~~~[m[K
[2.532s] [01m[K/home/farelfebryan/workspace/src/tugas3/src/turtle_draw.cpp:20:10:[m[K [01;36m[Knote: [m[K  candidate expects 4 arguments, 3 provided
[3.397s] gmake[2]: *** [CMakeFiles/turtle_draw.dir/build.make:76: CMakeFiles/turtle_draw.dir/src/turtle_draw.cpp.o] Error 1
[3.397s] gmake[1]: *** [CMakeFiles/Makefile2:137: CMakeFiles/turtle_draw.dir/all] Error 2
[3.398s] gmake: *** [Makefile:146: all] Error 2
[3.400s] Invoked command in '/home/farelfebryan/workspace/build/tugas3' returned '2': CMAKE_PREFIX_PATH=${CMAKE_PREFIX_PATH}:/opt/ros/humble /usr/bin/cmake --build /home/farelfebryan/workspace/build/tugas3 -- -j8 -l8
