[01m[K/home/farelfebryan/workspace/src/tugas3/src/turtle_draw.cpp:[m[K In member function â€˜[01m[Kvoid VerticalLinear::Car()[m[Kâ€™:
[01m[K/home/farelfebryan/workspace/src/tugas3/src/turtle_draw.cpp:61:15:[m[K [01;31m[Kerror: [m[Kno matching function for call to â€˜[01m[KVerticalLinear::rotate(double)[m[Kâ€™
   61 |         [01;31m[Krotate(10.0)[m[K;
      |         [01;31m[K~~~~~~^~~~~~[m[K
[01m[K/home/farelfebryan/workspace/src/tugas3/src/turtle_draw.cpp:33:10:[m[K [01;36m[Knote: [m[Kcandidate: â€˜[01m[Kvoid VerticalLinear::rotate(double, double)[m[Kâ€™
   33 |     void [01;36m[Krotate[m[K(double degree, double durasi) {
      |          [01;36m[K^~~~~~[m[K
[01m[K/home/farelfebryan/workspace/src/tugas3/src/turtle_draw.cpp:33:10:[m[K [01;36m[Knote: [m[K  candidate expects 2 arguments, 1 provided
gmake[2]: *** [CMakeFiles/turtle_draw.dir/build.make:76: CMakeFiles/turtle_draw.dir/src/turtle_draw.cpp.o] Error 1
gmake[1]: *** [CMakeFiles/Makefile2:137: CMakeFiles/turtle_draw.dir/all] Error 2
gmake: *** [Makefile:146: all] Error 2
