[0.010s] Invoking command in '/home/farelfebryan/workspace/build/tugas3': CMAKE_PREFIX_PATH=${CMAKE_PREFIX_PATH}:/opt/ros/humble /usr/bin/cmake --build /home/farelfebryan/workspace/build/tugas3 -- -j8 -l8
[0.047s] [35m[1mConsolidate compiler generated dependencies of target turtle_draw[0m
[0.061s] [ 50%] [32mBuilding CXX object CMakeFiles/turtle_draw.dir/src/turtle_draw.cpp.o[0m
[2.464s] [01m[K/home/farelfebryan/workspace/src/tugas3/src/turtle_draw.cpp:62:91:[m[K [01;31m[Kerror: [m[Kdefault argument missing for parameter 5 of â€˜[01m[Kvoid VerticalLinear::spawn_turtle(float, float, float, const string&, double)[m[Kâ€™
[2.464s]    62 | le(float x, float y, float theta, const std::string &name = "", [01;31m[Kdouble durasi[m[K)
[2.464s]       |                                                                 [01;31m[K~~~~~~~^~~~~~[m[K
[2.464s] 
[2.464s] [01m[K/home/farelfebryan/workspace/src/tugas3/src/turtle_draw.cpp:62:73:[m[K [01;36m[Knote: [m[K...following parameter 4 which has a default argument
[2.464s]    62 | oid spawn_turtle(float x, float y, float theta, [01;36m[Kconst std::string &name = ""[m[K, double durasi)
[2.464s]       |                                                 [01;36m[K~~~~~~~~~~~~~~~~~~~^~~~~~~~~[m[K
[2.465s] 
[3.637s] gmake[2]: *** [CMakeFiles/turtle_draw.dir/build.make:76: CMakeFiles/turtle_draw.dir/src/turtle_draw.cpp.o] Error 1
[3.637s] gmake[1]: *** [CMakeFiles/Makefile2:137: CMakeFiles/turtle_draw.dir/all] Error 2
[3.637s] gmake: *** [Makefile:146: all] Error 2
[3.639s] Invoked command in '/home/farelfebryan/workspace/build/tugas3' returned '2': CMAKE_PREFIX_PATH=${CMAKE_PREFIX_PATH}:/opt/ros/humble /usr/bin/cmake --build /home/farelfebryan/workspace/build/tugas3 -- -j8 -l8
