[0.013s] Invoking command in '/home/farelfebryan/workspace/build/tugas3': CMAKE_PREFIX_PATH=${CMAKE_PREFIX_PATH}:/opt/ros/humble /usr/bin/cmake --build /home/farelfebryan/workspace/build/tugas3 -- -j8 -l8
[0.053s] [35m[1mConsolidate compiler generated dependencies of target turtle_draw[0m
[0.068s] [ 50%] [32mBuilding CXX object CMakeFiles/turtle_draw.dir/src/turtle_draw.cpp.o[0m
[2.600s] [01m[K/home/farelfebryan/workspace/src/tugas3/src/turtle_draw.cpp:[m[K In member function â€˜[01m[Kvoid VerticalLinear::moveTurtle(double, double, double, double)[m[Kâ€™:
[2.600s] [01m[K/home/farelfebryan/workspace/src/tugas3/src/turtle_draw.cpp:28:29:[m[K [01;31m[Kerror: [m[Kâ€˜[01m[Kangular[m[Kâ€™ was not declared in this scope
[2.600s]    28 |         message.angular.z = [01;31m[Kangular[m[K;
[2.600s]       |                             [01;31m[K^~~~~~~[m[K
[3.458s] gmake[2]: *** [CMakeFiles/turtle_draw.dir/build.make:76: CMakeFiles/turtle_draw.dir/src/turtle_draw.cpp.o] Error 1
[3.458s] gmake[1]: *** [CMakeFiles/Makefile2:137: CMakeFiles/turtle_draw.dir/all] Error 2
[3.459s] gmake: *** [Makefile:146: all] Error 2
[3.462s] Invoked command in '/home/farelfebryan/workspace/build/tugas3' returned '2': CMAKE_PREFIX_PATH=${CMAKE_PREFIX_PATH}:/opt/ros/humble /usr/bin/cmake --build /home/farelfebryan/workspace/build/tugas3 -- -j8 -l8
