[35m[1mConsolidate compiler generated dependencies of target turtle_draw[0m
[ 50%] [32mBuilding CXX object CMakeFiles/turtle_draw.dir/src/turtle_draw.cpp.o[0m
[01m[K/home/farelfebryan/workspace/src/tugas3/src/turtle_draw.cpp:[m[K In member function â€˜[01m[Kvoid VerticalLinear::timer_callback()[m[Kâ€™:
[01m[K/home/farelfebryan/workspace/src/tugas3/src/turtle_draw.cpp:47:13:[m[K [01;31m[Kerror: [m[Kâ€˜[01m[Kmove_index_[m[Kâ€™ was not declared in this scope
   47 |         if ([01;31m[Kmove_index_[m[K < move_commands_.size()) {
      |             [01;31m[K^~~~~~~~~~~[m[K
[01m[K/home/farelfebryan/workspace/src/tugas3/src/turtle_draw.cpp:47:27:[m[K [01;31m[Kerror: [m[Kâ€˜[01m[Kmove_commands_[m[Kâ€™ was not declared in this scope
   47 |         if (move_index_ < [01;31m[Kmove_commands_[m[K.size()) {
      |                           [01;31m[K^~~~~~~~~~~~~~[m[K
[01m[K/home/farelfebryan/workspace/src/tugas3/src/turtle_draw.cpp:51:13:[m[K [01;31m[Kerror: [m[Kâ€˜[01m[Ktimer_[m[Kâ€™ was not declared in this scope; did you mean â€˜[01m[Ktimer[m[Kâ€™?
   51 |             [01;31m[Ktimer_[m[K->cancel();
      |             [01;31m[K^~~~~~[m[K
      |             [32m[Ktimer[m[K
[01m[K/home/farelfebryan/workspace/src/tugas3/src/turtle_draw.cpp:[m[K In member function â€˜[01m[Kvoid VerticalLinear::killAndSpawn(const string&)[m[Kâ€™:
[01m[K/home/farelfebryan/workspace/src/tugas3/src/turtle_draw.cpp:100:21:[m[K [01;31m[Kerror: [m[Kâ€˜[01m[KkillName[m[Kâ€™ was not declared in this scope
  100 |         kill_turtle([01;31m[KkillName[m[K);
      |                     [01;31m[K^~~~~~~~[m[K
[01m[K/home/farelfebryan/workspace/src/tugas3/src/turtle_draw.cpp:101:22:[m[K [01;31m[Kerror: [m[Kâ€˜[01m[Kx[m[Kâ€™ was not declared in this scope
  101 |         spawn_turtle([01;31m[Kx[m[K,y,theta,spawnName);
      |                      [01;31m[K^[m[K
[01m[K/home/farelfebryan/workspace/src/tugas3/src/turtle_draw.cpp:101:24:[m[K [01;31m[Kerror: [m[Kâ€˜[01m[Ky[m[Kâ€™ was not declared in this scope; did you mean â€˜[01m[Kyn[m[Kâ€™?
  101 |         spawn_turtle(x,[01;31m[Ky[m[K,theta,spawnName);
      |                        [01;31m[K^[m[K
      |                        [32m[Kyn[m[K
[01m[K/home/farelfebryan/workspace/src/tugas3/src/turtle_draw.cpp:101:26:[m[K [01;31m[Kerror: [m[Kâ€˜[01m[Ktheta[m[Kâ€™ was not declared in this scope
  101 |         spawn_turtle(x,y,[01;31m[Ktheta[m[K,spawnName);
      |                          [01;31m[K^~~~~[m[K
[01m[K/home/farelfebryan/workspace/src/tugas3/src/turtle_draw.cpp:101:32:[m[K [01;31m[Kerror: [m[Kâ€˜[01m[KspawnName[m[Kâ€™ was not declared in this scope
  101 |         spawn_turtle(x,y,theta,[01;31m[KspawnName[m[K);
      |                                [01;31m[K^~~~~~~~~[m[K
[01m[K/home/farelfebryan/workspace/src/tugas3/src/turtle_draw.cpp:99:42:[m[K [01;35m[Kwarning: [m[Kunused parameter â€˜[01m[Kturtle_name[m[Kâ€™ [[01;35m[K]8;;https://gcc.gnu.org/onlinedocs/gcc/Warning-Options.html#index-Wunused-parameter-Wunused-parameter]8;;[m[K]
   99 |     void killAndSpawn([01;35m[Kconst std::string &turtle_name[m[K) {
      |                       [01;35m[K~~~~~~~~~~~~~~~~~~~^~~~~~~~~~~[m[K
[01m[K/home/farelfebryan/workspace/src/tugas3/src/turtle_draw.cpp:[m[K In member function â€˜[01m[Kvoid VerticalLinear::Car()[m[Kâ€™:
[01m[K/home/farelfebryan/workspace/src/tugas3/src/turtle_draw.cpp:121:9:[m[K [01;31m[Kerror: [m[Kâ€˜[01m[KkillAndSpawnTurtle[m[Kâ€™ was not declared in this scope; did you mean â€˜[01m[KkillAndSpawn[m[Kâ€™?
  121 |         [01;31m[KkillAndSpawnTurtle[m[K("turtle1", 2.5, 5.5, 0.0, "turtle2");
      |         [01;31m[K^~~~~~~~~~~~~~~~~~[m[K
      |         [32m[KkillAndSpawn[m[K
gmake[2]: *** [CMakeFiles/turtle_draw.dir/build.make:76: CMakeFiles/turtle_draw.dir/src/turtle_draw.cpp.o] Error 1
gmake[1]: *** [CMakeFiles/Makefile2:137: CMakeFiles/turtle_draw.dir/all] Error 2
gmake: *** [Makefile:146: all] Error 2
