[0.012s] Invoking command in '/home/farelfebryan/workspace/build/tugas3': CMAKE_PREFIX_PATH=${CMAKE_PREFIX_PATH}:/opt/ros/humble /usr/bin/cmake --build /home/farelfebryan/workspace/build/tugas3 -- -j8 -l8
[0.049s] [35m[1mConsolidate compiler generated dependencies of target turtle_draw[0m
[0.065s] [ 50%] [32mBuilding CXX object CMakeFiles/turtle_draw.dir/src/turtle_draw.cpp.o[0m
[2.516s] [01m[K/home/farelfebryan/workspace/src/tugas3/src/turtle_draw.cpp:[m[K In member function â€˜[01m[Kvoid VerticalLinear::timer_callback()[m[Kâ€™:
[2.516s] [01m[K/home/farelfebryan/workspace/src/tugas3/src/turtle_draw.cpp:47:13:[m[K [01;31m[Kerror: [m[Kâ€˜[01m[Kmove_index_[m[Kâ€™ was not declared in this scope
[2.516s]    47 |         if ([01;31m[Kmove_index_[m[K < move_commands_.size()) {
[2.516s]       |             [01;31m[K^~~~~~~~~~~[m[K
[2.524s] [01m[K/home/farelfebryan/workspace/src/tugas3/src/turtle_draw.cpp:47:27:[m[K [01;31m[Kerror: [m[Kâ€˜[01m[Kmove_commands_[m[Kâ€™ was not declared in this scope
[2.524s]    47 |         if (move_index_ < [01;31m[Kmove_commands_[m[K.size()) {
[2.524s]       |                           [01;31m[K^~~~~~~~~~~~~~[m[K
[2.528s] [01m[K/home/farelfebryan/workspace/src/tugas3/src/turtle_draw.cpp:51:13:[m[K [01;31m[Kerror: [m[Kâ€˜[01m[Ktimer_[m[Kâ€™ was not declared in this scope; did you mean â€˜[01m[Ktimer[m[Kâ€™?
[2.529s]    51 |             [01;31m[Ktimer_[m[K->cancel();
[2.529s]       |             [01;31m[K^~~~~~[m[K
[2.529s]       |             [32m[Ktimer[m[K
[2.542s] [01m[K/home/farelfebryan/workspace/src/tugas3/src/turtle_draw.cpp:[m[K In member function â€˜[01m[Kvoid VerticalLinear::killAndSpawn(const string&)[m[Kâ€™:
[2.542s] [01m[K/home/farelfebryan/workspace/src/tugas3/src/turtle_draw.cpp:100:21:[m[K [01;31m[Kerror: [m[Kâ€˜[01m[KkillName[m[Kâ€™ was not declared in this scope
[2.542s]   100 |         kill_turtle([01;31m[KkillName[m[K);
[2.542s]       |                     [01;31m[K^~~~~~~~[m[K
[2.546s] [01m[K/home/farelfebryan/workspace/src/tugas3/src/turtle_draw.cpp:101:22:[m[K [01;31m[Kerror: [m[Kâ€˜[01m[Kx[m[Kâ€™ was not declared in this scope
[2.546s]   101 |         spawn_turtle([01;31m[Kx[m[K,y,theta,spawnName);
[2.546s]       |                      [01;31m[K^[m[K
[2.549s] [01m[K/home/farelfebryan/workspace/src/tugas3/src/turtle_draw.cpp:101:24:[m[K [01;31m[Kerror: [m[Kâ€˜[01m[Ky[m[Kâ€™ was not declared in this scope; did you mean â€˜[01m[Kyn[m[Kâ€™?
[2.549s]   101 |         spawn_turtle(x,[01;31m[Ky[m[K,theta,spawnName);
[2.549s]       |                        [01;31m[K^[m[K
[2.549s]       |                        [32m[Kyn[m[K
[2.554s] [01m[K/home/farelfebryan/workspace/src/tugas3/src/turtle_draw.cpp:101:26:[m[K [01;31m[Kerror: [m[Kâ€˜[01m[Ktheta[m[Kâ€™ was not declared in this scope
[2.554s]   101 |         spawn_turtle(x,y,[01;31m[Ktheta[m[K,spawnName);
[2.554s]       |                          [01;31m[K^~~~~[m[K
[2.560s] [01m[K/home/farelfebryan/workspace/src/tugas3/src/turtle_draw.cpp:101:32:[m[K [01;31m[Kerror: [m[Kâ€˜[01m[KspawnName[m[Kâ€™ was not declared in this scope
[2.560s]   101 |         spawn_turtle(x,y,theta,[01;31m[KspawnName[m[K);
[2.560s]       |                                [01;31m[K^~~~~~~~~[m[K
[2.560s] [01m[K/home/farelfebryan/workspace/src/tugas3/src/turtle_draw.cpp:99:42:[m[K [01;35m[Kwarning: [m[Kunused parameter â€˜[01m[Kturtle_name[m[Kâ€™ [[01;35m[K]8;;https://gcc.gnu.org/onlinedocs/gcc/Warning-Options.html#index-Wunused-parameter-Wunused-parameter]8;;[m[K]
[2.560s]    99 |     void killAndSpawn([01;35m[Kconst std::string &turtle_name[m[K) {
[2.560s]       |                       [01;35m[K~~~~~~~~~~~~~~~~~~~^~~~~~~~~~~[m[K
[2.569s] [01m[K/home/farelfebryan/workspace/src/tugas3/src/turtle_draw.cpp:[m[K In member function â€˜[01m[Kvoid VerticalLinear::Car()[m[Kâ€™:
[2.569s] [01m[K/home/farelfebryan/workspace/src/tugas3/src/turtle_draw.cpp:121:9:[m[K [01;31m[Kerror: [m[Kâ€˜[01m[KkillAndSpawnTurtle[m[Kâ€™ was not declared in this scope; did you mean â€˜[01m[KkillAndSpawn[m[Kâ€™?
[2.569s]   121 |         [01;31m[KkillAndSpawnTurtle[m[K("turtle1", 2.5, 5.5, 0.0, "turtle2");
[2.569s]       |         [01;31m[K^~~~~~~~~~~~~~~~~~[m[K
[2.569s]       |         [32m[KkillAndSpawn[m[K
[3.728s] gmake[2]: *** [CMakeFiles/turtle_draw.dir/build.make:76: CMakeFiles/turtle_draw.dir/src/turtle_draw.cpp.o] Error 1
[3.729s] gmake[1]: *** [CMakeFiles/Makefile2:137: CMakeFiles/turtle_draw.dir/all] Error 2
[3.729s] gmake: *** [Makefile:146: all] Error 2
[3.731s] Invoked command in '/home/farelfebryan/workspace/build/tugas3' returned '2': CMAKE_PREFIX_PATH=${CMAKE_PREFIX_PATH}:/opt/ros/humble /usr/bin/cmake --build /home/farelfebryan/workspace/build/tugas3 -- -j8 -l8
