[0.010s] Invoking command in '/home/farelfebryan/workspace/build/tugas3': CMAKE_PREFIX_PATH=${CMAKE_PREFIX_PATH}:/opt/ros/humble /usr/bin/cmake --build /home/farelfebryan/workspace/build/tugas3 -- -j8 -l8
[0.046s] [35m[1mConsolidate compiler generated dependencies of target turtle_draw[0m
[0.062s] [ 50%] [32mBuilding CXX object CMakeFiles/turtle_draw.dir/src/turtle_draw.cpp.o[0m
[2.485s] [01m[K/home/farelfebryan/workspace/src/tugas3/src/turtle_draw.cpp:[m[K In constructor â€˜[01m[KVerticalLinear::VerticalLinear()[m[Kâ€™:
[2.485s] [01m[K/home/farelfebryan/workspace/src/tugas3/src/turtle_draw.cpp:21:13:[m[K [01;31m[Kerror: [m[Kâ€˜[01m[KkillTurtle[m[Kâ€™ was not declared in this scope
[2.485s]    21 |     while (![01;31m[KkillTurtle[m[K -> wait_for_service(1s)) {
[2.486s]       |             [01;31m[K^~~~~~~~~~[m[K
[2.493s] [01m[K/home/farelfebryan/workspace/src/tugas3/src/turtle_draw.cpp:25:13:[m[K [01;31m[Kerror: [m[Kâ€˜[01m[KspawnTurtle[m[Kâ€™ was not declared in this scope
[2.493s]    25 |     while (![01;31m[KspawnTurtle[m[K -> wait_for_service(1s)) {
[2.493s]       |             [01;31m[K^~~~~~~~~~~[m[K
[3.641s] gmake[2]: *** [CMakeFiles/turtle_draw.dir/build.make:76: CMakeFiles/turtle_draw.dir/src/turtle_draw.cpp.o] Error 1
[3.641s] gmake[1]: *** [CMakeFiles/Makefile2:137: CMakeFiles/turtle_draw.dir/all] Error 2
[3.641s] gmake: *** [Makefile:146: all] Error 2
[3.644s] Invoked command in '/home/farelfebryan/workspace/build/tugas3' returned '2': CMAKE_PREFIX_PATH=${CMAKE_PREFIX_PATH}:/opt/ros/humble /usr/bin/cmake --build /home/farelfebryan/workspace/build/tugas3 -- -j8 -l8
