[01m[K/home/farelfebryan/workspace/src/tugas3/src/turtle_draw.cpp:[m[K In member function â€˜[01m[Kvoid VerticalLinear::Car()[m[Kâ€™:
[01m[K/home/farelfebryan/workspace/src/tugas3/src/turtle_draw.cpp:102:18:[m[K [01;31m[Kerror: [m[Kâ€˜[01m[K_turtle2[m[Kâ€™ was not declared in this scope
  102 |         teleport([01;31m[K_turtle2[m[K.5, 5.3, 0.0);
      |                  [01;31m[K^~~~~~~~[m[K
[01m[K/home/farelfebryan/workspace/src/tugas3/src/turtle_draw.cpp:102:9:[m[K [01;31m[Kerror: [m[Kâ€˜[01m[Kteleport[m[Kâ€™ was not declared in this scope
  102 |         [01;31m[Kteleport[m[K(_turtle2.5, 5.3, 0.0);
      |         [01;31m[K^~~~~~~~[m[K
gmake[2]: *** [CMakeFiles/turtle_draw.dir/build.make:76: CMakeFiles/turtle_draw.dir/src/turtle_draw.cpp.o] Error 1
gmake[1]: *** [CMakeFiles/Makefile2:137: CMakeFiles/turtle_draw.dir/all] Error 2
gmake: *** [Makefile:146: all] Error 2
