[0.010s] Invoking command in '/home/farelfebryan/workspace/build/tugas3': CMAKE_PREFIX_PATH=${CMAKE_PREFIX_PATH}:/opt/ros/humble /usr/bin/cmake --build /home/farelfebryan/workspace/build/tugas3 -- -j8 -l8
[0.046s] [35m[1mConsolidate compiler generated dependencies of target turtle_draw[0m
[0.062s] [ 50%] [32mBuilding CXX object CMakeFiles/turtle_draw.dir/src/turtle_draw.cpp.o[0m
[2.415s] [01m[K/home/farelfebryan/workspace/src/tugas3/src/turtle_draw.cpp:[m[K In member function â€˜[01m[Kvoid VerticalLinear::circle(double)[m[Kâ€™:
[2.415s] [01m[K/home/farelfebryan/workspace/src/tugas3/src/turtle_draw.cpp:35:20:[m[K [01;31m[Kerror: [m[Kâ€˜[01m[Klinear_speed[m[Kâ€™ was not declared in this scope; did you mean â€˜[01m[Kmuter_speed[m[Kâ€™?
[2.415s]    35 |         moveTurtle([01;31m[Klinear_speed[m[K,angular_speed, durasi);
[2.415s]       |                    [01;31m[K^~~~~~~~~~~~[m[K
[2.415s]       |                    [32m[Kmuter_speed[m[K
[2.422s] [01m[K/home/farelfebryan/workspace/src/tugas3/src/turtle_draw.cpp:35:33:[m[K [01;31m[Kerror: [m[Kâ€˜[01m[Kangular_speed[m[Kâ€™ was not declared in this scope; did you mean â€˜[01m[Kmuter_speed[m[Kâ€™?
[2.422s]    35 |         moveTurtle(linear_speed,[01;31m[Kangular_speed[m[K, durasi);
[2.422s]       |                                 [01;31m[K^~~~~~~~~~~~~[m[K
[2.422s]       |                                 [32m[Kmuter_speed[m[K
[2.422s] [01m[K/home/farelfebryan/workspace/src/tugas3/src/turtle_draw.cpp:33:16:[m[K [01;35m[Kwarning: [m[Kunused variable â€˜[01m[Kmuter_speed[m[Kâ€™ [[01;35m[K]8;;https://gcc.gnu.org/onlinedocs/gcc/Warning-Options.html#index-Wunused-variable-Wunused-variable]8;;[m[K]
[2.422s]    33 |         double [01;35m[Kmuter_speed[m[K = lurus_speed / radius;
[2.422s]       |                [01;35m[K^~~~~~~~~~~[m[K
[3.227s] gmake[2]: *** [CMakeFiles/turtle_draw.dir/build.make:76: CMakeFiles/turtle_draw.dir/src/turtle_draw.cpp.o] Error 1
[3.227s] gmake[1]: *** [CMakeFiles/Makefile2:137: CMakeFiles/turtle_draw.dir/all] Error 2
[3.228s] gmake: *** [Makefile:146: all] Error 2
[3.230s] Invoked command in '/home/farelfebryan/workspace/build/tugas3' returned '2': CMAKE_PREFIX_PATH=${CMAKE_PREFIX_PATH}:/opt/ros/humble /usr/bin/cmake --build /home/farelfebryan/workspace/build/tugas3 -- -j8 -l8
