[0.010s] Invoking command in '/home/farelfebryan/workspace/build/tugas3': CMAKE_PREFIX_PATH=${CMAKE_PREFIX_PATH}:/opt/ros/humble /usr/bin/cmake --build /home/farelfebryan/workspace/build/tugas3 -- -j8 -l8
[0.047s] [35m[1mConsolidate compiler generated dependencies of target turtle_draw[0m
[0.063s] [ 50%] [32mBuilding CXX object CMakeFiles/turtle_draw.dir/src/turtle_draw.cpp.o[0m
[2.397s] [01m[K/home/farelfebryan/workspace/src/tugas3/src/turtle_draw.cpp:33:2:[m[K [01;31m[Kerror: [m[Kexpected â€˜[01m[K;[m[Kâ€™ after class definition
[2.397s]    33 | }
[2.397s]       |  [01;31m[K^[m[K
[2.397s]       |  [32m[K;[m[K
[2.404s] [01m[K/home/farelfebryan/workspace/src/tugas3/src/turtle_draw.cpp:[m[K In constructor â€˜[01m[KVerticalLinear::VerticalLinear()[m[Kâ€™:
[2.404s] [01m[K/home/farelfebryan/workspace/src/tugas3/src/turtle_draw.cpp:13:5:[m[K [01;31m[Kerror: [m[Kâ€˜[01m[Kpublisher_[m[Kâ€™ was not declared in this scope; did you mean â€˜[01m[Krmw_publisher_t[m[Kâ€™?
[2.404s]    13 |     [01;31m[Kpublisher_[m[K = this->create_publisher<geometry_msgs::msg::Twist>("/turtle1/cmd_vel", 10);
[2.404s]       |     [01;31m[K^~~~~~~~~~[m[K
[2.404s]       |     [32m[Krmw_publisher_t[m[K
[2.415s] [01m[K/home/farelfebryan/workspace/src/tugas3/src/turtle_draw.cpp:[m[K In member function â€˜[01m[Kvoid VerticalLinear::moveTurtle(double, double, double)[m[Kâ€™:
[2.415s] [01m[K/home/farelfebryan/workspace/src/tugas3/src/turtle_draw.cpp:21:9:[m[K [01;31m[Kerror: [m[Kâ€˜[01m[Kpublisher_[m[Kâ€™ was not declared in this scope; did you mean â€˜[01m[Krmw_publisher_t[m[Kâ€™?
[2.415s]    21 |         [01;31m[Kpublisher_[m[K -> publish(msg);
[2.415s]       |         [01;31m[K^~~~~~~~~~[m[K
[2.415s]       |         [32m[Krmw_publisher_t[m[K
[3.088s] gmake[2]: *** [CMakeFiles/turtle_draw.dir/build.make:76: CMakeFiles/turtle_draw.dir/src/turtle_draw.cpp.o] Error 1
[3.088s] gmake[1]: *** [CMakeFiles/Makefile2:137: CMakeFiles/turtle_draw.dir/all] Error 2
[3.088s] gmake: *** [Makefile:146: all] Error 2
[3.091s] Invoked command in '/home/farelfebryan/workspace/build/tugas3' returned '2': CMAKE_PREFIX_PATH=${CMAKE_PREFIX_PATH}:/opt/ros/humble /usr/bin/cmake --build /home/farelfebryan/workspace/build/tugas3 -- -j8 -l8
