[0.011s] Invoking command in '/home/farelfebryan/workspace/build/tugas3': CMAKE_PREFIX_PATH=${CMAKE_PREFIX_PATH}:/opt/ros/humble /usr/bin/cmake --build /home/farelfebryan/workspace/build/tugas3 -- -j8 -l8
[0.049s] [35m[1mConsolidate compiler generated dependencies of target turtle_draw[0m
[0.065s] [ 50%] [32mBuilding CXX object CMakeFiles/turtle_draw.dir/src/turtle_draw.cpp.o[0m
[2.459s] [01m[K/home/farelfebryan/workspace/src/tugas3/src/turtle_draw.cpp:[m[K In member function â€˜[01m[Kvoid VerticalLinear::F()[m[Kâ€™:
[2.459s] [01m[K/home/farelfebryan/workspace/src/tugas3/src/turtle_draw.cpp:43:19:[m[K [01;31m[Kerror: [m[Kno matching function for call to â€˜[01m[KVerticalLinear::moveTurtle(double)[m[Kâ€™
[2.459s]    43 |         [01;31m[KmoveTurtle(2.0)[m[K,1.0;
[2.459s]       |         [01;31m[K~~~~~~~~~~^~~~~[m[K
[2.459s] [01m[K/home/farelfebryan/workspace/src/tugas3/src/turtle_draw.cpp:20:10:[m[K [01;36m[Knote: [m[Kcandidate: â€˜[01m[Kvoid VerticalLinear::moveTurtle(double, double)[m[Kâ€™
[2.459s]    20 |     void [01;36m[KmoveTurtle[m[K(double lurus, double durasi) {
[2.459s]       |          [01;36m[K^~~~~~~~~~[m[K
[2.459s] [01m[K/home/farelfebryan/workspace/src/tugas3/src/turtle_draw.cpp:20:10:[m[K [01;36m[Knote: [m[K  candidate expects 2 arguments, 1 provided
[3.274s] gmake[2]: *** [CMakeFiles/turtle_draw.dir/build.make:76: CMakeFiles/turtle_draw.dir/src/turtle_draw.cpp.o] Error 1
[3.274s] gmake[1]: *** [CMakeFiles/Makefile2:137: CMakeFiles/turtle_draw.dir/all] Error 2
[3.274s] gmake: *** [Makefile:146: all] Error 2
[3.277s] Invoked command in '/home/farelfebryan/workspace/build/tugas3' returned '2': CMAKE_PREFIX_PATH=${CMAKE_PREFIX_PATH}:/opt/ros/humble /usr/bin/cmake --build /home/farelfebryan/workspace/build/tugas3 -- -j8 -l8
